<?xml version="1.0" encoding="UTF-8"?>
<testsuite name="TestSuite" time="0.073" tests="24" errors="0" skipped="0" failures="0">
  <properties>
    <property name="java.runtime.name" value="Java(TM) SE Runtime Environment"/>
    <property name="sun.boot.library.path" value="C:\Java\jdk1.8.0_05\jre\bin"/>
    <property name="java.vm.version" value="25.5-b02"/>
    <property name="java.vm.vendor" value="Oracle Corporation"/>
    <property name="java.vendor.url" value="http://java.oracle.com/"/>
    <property name="path.separator" value=";"/>
    <property name="guice.disable.misplaced.annotation.check" value="true"/>
    <property name="java.vm.name" value="Java HotSpot(TM) 64-Bit Server VM"/>
    <property name="file.encoding.pkg" value="sun.io"/>
    <property name="user.script" value=""/>
    <property name="user.country" value="US"/>
    <property name="sun.java.launcher" value="SUN_STANDARD"/>
    <property name="sun.os.patch.level" value=""/>
    <property name="java.vm.specification.name" value="Java Virtual Machine Specification"/>
    <property name="user.dir" value="F:\workspace\practice"/>
    <property name="java.runtime.version" value="1.8.0_05-b13"/>
    <property name="java.awt.graphicsenv" value="sun.awt.Win32GraphicsEnvironment"/>
    <property name="basedir" value="F:\workspace\practice"/>
    <property name="java.endorsed.dirs" value="C:\Java\jdk1.8.0_05\jre\lib\endorsed"/>
    <property name="os.arch" value="amd64"/>
    <property name="java.io.tmpdir" value="C:\Users\RUPAM\AppData\Local\Temp\"/>
    <property name="line.separator" value="&#10;"/>
    <property name="java.vm.specification.vendor" value="Oracle Corporation"/>
    <property name="user.variant" value=""/>
    <property name="os.name" value="Windows 8.1"/>
    <property name="classworlds.conf" value="F:\workspace\.metadata\.plugins\org.eclipse.m2e.launching\launches\m2conf4291238999250406323.tmp"/>
    <property name="sun.jnu.encoding" value="Cp1252"/>
    <property name="java.library.path" value="C:\Java\jdk1.8.0_05\bin;C:\WINDOWS\Sun\Java\bin;C:\WINDOWS\system32;C:\WINDOWS;C:\Python34\;C:\Python34\Scripts;C:\ProgramData\Oracle\Java\javapath;C:\Program Files (x86)\NVIDIA Corporation\PhysX\Common;C:\Java\jdk1.8.0_05\bin;C:\WinAVR-20090313\bin;C:\WinAVR-20090313\utils\bin;C:\Program Files (x86)\PC Connectivity Solution\;C:\Program Files (x86)\Intel\iCLS Client\;C:\Program Files\Intel\iCLS Client\;C:\WINDOWS\system32;C:\WINDOWS;C:\WINDOWS\System32\Wbem;C:\WINDOWS\System32\WindowsPowerShell\v1.0\;C:\Program Files (x86)\Intel\OpenCL SDK\2.0\bin\x86;C:\Program Files (x86)\Intel\OpenCL SDK\2.0\bin\x64;C:\Program Files\Microsoft\Web Platform Installer\;C:\Program Files (x86)\Microsoft ASP.NET\ASP.NET Web Pages\v1.0\;C:\Program Files (x86)\Windows Kits\8.0\Windows Performance Toolkit\;C:\Program Files\Microsoft SQL Server\110\Tools\Binn\;C:\Program Files\MATLAB\R2010a\runtime\win64;C:\Program Files\MATLAB\R2010a\bin;C:\Program Files (x86)\Windows Live\Shared;C:\Program Files\Intel\Intel(R) Management Engine Components\DAL;C:\Program Files\Intel\Intel(R) Management Engine Components\IPT;C:\Program Files (x86)\Intel\Intel(R) Management Engine Components\DAL;C:\Program Files (x86)\Intel\Intel(R) Management Engine Components\IPT;C:\Program Files (x86)\Common Files\lenovo\easyplussdk\bin\;C:\Users\RUPAM\Downloads\Selenium;C:\WINDOWS\System32\OpenSSH\;C:\Program Files\Git\cmd;C:\Users\RUPAM\AppData\Local\Programs\Python\Python35-32\Scripts\;C:\Users\RUPAM\AppData\Local\Programs\Python\Python35-32\;C:\Program Files\Java\jre1.8.0_25\bin;%USERPROFILE%\AppData\Local\Microsoft\WindowsApps;;."/>
    <property name="surefire.test.class.path" value="F:\workspace\practice\target\test-classes;F:\workspace\practice\target\classes;C:\Users\RUPAM\.m2\repository\org\testng\testng\6.14.3\testng-6.14.3.jar;C:\Users\RUPAM\.m2\repository\com\beust\jcommander\1.72\jcommander-1.72.jar;C:\Users\RUPAM\.m2\repository\org\apache-extras\beanshell\bsh\2.0b6\bsh-2.0b6.jar;C:\Users\RUPAM\.m2\repository\org\apache\maven\surefire\surefire-testng-utils\2.18.1\surefire-testng-utils-2.18.1.jar;C:\Users\RUPAM\.m2\repository\org\apache\maven\surefire\surefire-grouper\2.18.1\surefire-grouper-2.18.1.jar;"/>
    <property name="java.specification.name" value="Java Platform API Specification"/>
    <property name="java.class.version" value="52.0"/>
    <property name="sun.management.compiler" value="HotSpot 64-Bit Tiered Compilers"/>
    <property name="os.version" value="6.3"/>
    <property name="user.home" value="C:\Users\RUPAM"/>
    <property name="user.timezone" value="Asia/Calcutta"/>
    <property name="java.awt.printerjob" value="sun.awt.windows.WPrinterJob"/>
    <property name="java.specification.version" value="1.8"/>
    <property name="file.encoding" value="Cp1252"/>
    <property name="user.name" value="RUPAM"/>
    <property name="java.class.path" value="/F:/software/eclipse/plugins/org.eclipse.m2e.maven.runtime_1.5.1.20150109-1819/jars/plexus-classworlds-2.5.1.jar"/>
    <property name="org.slf4j.simpleLogger.defaultLogLevel" value="info"/>
    <property name="java.vm.specification.version" value="1.8"/>
    <property name="sun.arch.data.model" value="64"/>
    <property name="java.home" value="C:\Java\jdk1.8.0_05\jre"/>
    <property name="sun.java.command" value="org.codehaus.plexus.classworlds.launcher.Launcher -B install"/>
    <property name="java.specification.vendor" value="Oracle Corporation"/>
    <property name="user.language" value="en"/>
    <property name="awt.toolkit" value="sun.awt.windows.WToolkit"/>
    <property name="java.vm.info" value="mixed mode"/>
    <property name="java.version" value="1.8.0_05"/>
    <property name="java.ext.dirs" value="C:\Java\jdk1.8.0_05\jre\lib\ext;C:\WINDOWS\Sun\Java\lib\ext"/>
    <property name="sun.boot.class.path" value="C:\Java\jdk1.8.0_05\jre\lib\resources.jar;C:\Java\jdk1.8.0_05\jre\lib\rt.jar;C:\Java\jdk1.8.0_05\jre\lib\sunrsasign.jar;C:\Java\jdk1.8.0_05\jre\lib\jsse.jar;C:\Java\jdk1.8.0_05\jre\lib\jce.jar;C:\Java\jdk1.8.0_05\jre\lib\charsets.jar;C:\Java\jdk1.8.0_05\jre\lib\jfr.jar;C:\Java\jdk1.8.0_05\jre\classes"/>
    <property name="java.vendor" value="Oracle Corporation"/>
    <property name="maven.home" value="F:\workspace\practice\EMBEDDED"/>
    <property name="localRepository" value="C:\Users\RUPAM\.m2\repository"/>
    <property name="file.separator" value="\"/>
    <property name="java.vendor.url.bug" value="http://bugreport.sun.com/bugreport/"/>
    <property name="sun.cpu.endian" value="little"/>
    <property name="sun.io.unicode.encoding" value="UnicodeLittle"/>
    <property name="sun.desktop" value="windows"/>
    <property name="sun.cpu.isalist" value="amd64"/>
  </properties>
  <testcase name="usigReplase" classname="com.stringOperation.Test.RemoveJunkTest" time="0.018"/>
  <testcase name="usigReplase" classname="com.stringOperation.Test.RemoveJunkTest" time="0.002"/>
  <testcase name="usigReplase" classname="com.stringOperation.Test.RemoveJunkTest" time="0.001"/>
  <testcase name="ReverseStringbuilderTest" classname="com.stringOperation.Test.ReverseStringTest" time="0.018"/>
  <testcase name="ReverseStringbuilderTest" classname="com.stringOperation.Test.ReverseStringTest" time="0.005"/>
  <testcase name="ReverseStringbuilderTest" classname="com.stringOperation.Test.ReverseStringTest" time="0.01"/>
  <testcase name="ReverseStringbuilderTest" classname="com.stringOperation.Test.ReverseStringTest" time="0"/>
  <testcase name="ReverseStringbuilderTest" classname="com.stringOperation.Test.ReverseStringTest" time="0.001"/>
  <testcase name="f" classname="com.stringOperation.Test.NewTest" time="0.018"/>
  <testcase name="f" classname="com.stringOperation.Test.NewTest" time="0.002"/>
  <testcase name="f" classname="com.stringOperation.Test.NewTest" time="0.018"/>
  <testcase name="HashMethodDuplicate" classname="com.stringOperation.Test.DuplcateCharTest" time="0.018"/>
  <testcase name="HashMethodDuplicate" classname="com.stringOperation.Test.DuplcateCharTest" time="0.008"/>
  <testcase name="usingcharAT" classname="com.stringOperation.Test.RemoveJunkTest" time="0"/>
  <testcase name="usingcharAT" classname="com.stringOperation.Test.RemoveJunkTest" time="0"/>
  <testcase name="usingcharAT" classname="com.stringOperation.Test.RemoveJunkTest" time="0"/>
  <testcase name="checkDuplicate" classname="com.stringOperation.Test.DuplcateCharTest" time="0.001"/>
  <testcase name="checkDuplicate" classname="com.stringOperation.Test.DuplcateCharTest" time="0.005"/>
  <testcase name="ReversestringTest" classname="com.stringOperation.Test.ReverseStringTest" time="0"/>
  <testcase name="ReversestringTest" classname="com.stringOperation.Test.ReverseStringTest" time="0"/>
  <testcase name="ReversestringTest" classname="com.stringOperation.Test.ReverseStringTest" time="0"/>
  <testcase name="ReversestringTest" classname="com.stringOperation.Test.ReverseStringTest" time="0.001"/>
  <testcase name="ReversestringTest" classname="com.stringOperation.Test.ReverseStringTest" time="0.001"/>
  <testcase name="ReverseTest" classname="com.NumberOperationTest.ReverseIntegerTest" time="0"/>
  <testcase name="ReverseTest" classname="com.NumberOperationTest.ReverseIntegerTest" time="0"/>
</testsuite>