<?xml version="1.0" encoding="UTF-8"?>
<!-- Generated by org.testng.reporters.JUnitReportReporter -->
<testsuite skipped="0" hostname="DAWN" name="com.stringOperation.Test.NewTest" tests="3" failures="0" timestamp="14 Mar 2019 03:55:03 GMT" time="0.265" errors="0">
  <testcase name="f" time="0.046" classname="com.stringOperation.Test.NewTest"/>
  <testcase name="f" time="0.078" classname="com.stringOperation.Test.NewTest"/>
  <testcase name="f" time="0.141" classname="com.stringOperation.Test.NewTest"/>
</testsuite> <!-- com.stringOperation.Test.NewTest -->
