<?xml version="1.0" encoding="UTF-8"?>
<!-- Generated by org.testng.reporters.JUnitReportReporter -->
<testsuite skipped="0" hostname="DAWN" name="com.stringOperation.Test.printDuplicateCountTest" tests="2" failures="0" timestamp="18 May 2019 13:23:13 GMT" time="0.031" errors="0">
  <testcase name="TestDuplicate" time="0.011" classname="com.stringOperation.Test.printDuplicateCountTest"/>
  <testcase name="TestDuplicate" time="0.020" classname="com.stringOperation.Test.printDuplicateCountTest"/>
</testsuite> <!-- com.stringOperation.Test.printDuplicateCountTest -->
