<?xml version="1.0" encoding="UTF-8"?>
<!-- Generated by org.testng.reporters.JUnitReportReporter -->
<testsuite skipped="0" hostname="DAWN" name="com.stringOperation.Test.DuplcateCharTest" tests="4" failures="0" timestamp="16 May 2019 17:14:30 GMT" time="0.090" errors="0">
  <testcase name="checkDuplicate" time="0.039" classname="com.stringOperation.Test.DuplcateCharTest"/>
  <testcase name="HashMethodDuplicate" time="0.007" classname="com.stringOperation.Test.DuplcateCharTest"/>
  <testcase name="checkDuplicate" time="0.009" classname="com.stringOperation.Test.DuplcateCharTest"/>
  <testcase name="HashMethodDuplicate" time="0.035" classname="com.stringOperation.Test.DuplcateCharTest"/>
</testsuite> <!-- com.stringOperation.Test.DuplcateCharTest -->
