<?xml version="1.0" encoding="UTF-8"?>
<!-- Generated by org.testng.reporters.JUnitReportReporter -->
<testsuite skipped="0" hostname="DAWN" name="com.stringOperation.Test.printDuplicateCountTest" tests="2" failures="0" timestamp="16 May 2019 17:14:30 GMT" time="0.084" errors="0">
  <testcase name="TestDuplicate" time="0.034" classname="com.stringOperation.Test.printDuplicateCountTest"/>
  <testcase name="TestDuplicate" time="0.050" classname="com.stringOperation.Test.printDuplicateCountTest"/>
</testsuite> <!-- com.stringOperation.Test.printDuplicateCountTest -->
