<?xml version="1.0" encoding="UTF-8"?>
<!-- Generated by org.testng.reporters.JUnitReportReporter -->
<testsuite skipped="0" hostname="DAWN" name="com.NumberOperationTest.ReverseIntegerTest" tests="2" failures="0" timestamp="18 May 2019 13:23:13 GMT" time="0.012" errors="0">
  <testcase name="ReverseTest" time="0.006" classname="com.NumberOperationTest.ReverseIntegerTest"/>
  <testcase name="ReverseTest" time="0.006" classname="com.NumberOperationTest.ReverseIntegerTest"/>
</testsuite> <!-- com.NumberOperationTest.ReverseIntegerTest -->
