<?xml version="1.0" encoding="UTF-8"?>
<!-- Generated by org.testng.reporters.JUnitReportReporter -->
<testsuite skipped="0" hostname="DAWN" name="com.stringOperation.Test.RemoveJunkTest" tests="6" failures="0" timestamp="27 Feb 2019 18:33:08 GMT" time="0.267" errors="0">
  <testcase name="usigReplase" time="0.075" classname="com.stringOperation.Test.RemoveJunkTest"/>
  <testcase name="usingcharAT" time="0.052" classname="com.stringOperation.Test.RemoveJunkTest"/>
  <testcase name="usigReplase" time="0.021" classname="com.stringOperation.Test.RemoveJunkTest"/>
  <testcase name="usingcharAT" time="0.041" classname="com.stringOperation.Test.RemoveJunkTest"/>
  <testcase name="usigReplase" time="0.028" classname="com.stringOperation.Test.RemoveJunkTest"/>
  <testcase name="usingcharAT" time="0.050" classname="com.stringOperation.Test.RemoveJunkTest"/>
</testsuite> <!-- com.stringOperation.Test.RemoveJunkTest -->
