<?xml version="1.0" encoding="UTF-8"?>
<!-- Generated by org.testng.reporters.JUnitReportReporter -->
<testsuite skipped="0" hostname="DAWN" name="com.NumberOperationTest.ReverseIntegerTest" tests="2" failures="0" timestamp="16 May 2019 18:59:33 GMT" time="0.012" errors="0">
  <testcase name="ReverseTest" time="0.005" classname="com.NumberOperationTest.ReverseIntegerTest"/>
  <testcase name="ReverseTest" time="0.007" classname="com.NumberOperationTest.ReverseIntegerTest"/>
</testsuite> <!-- com.NumberOperationTest.ReverseIntegerTest -->
