<?xml version="1.0" encoding="UTF-8"?>
<!-- Generated by org.testng.reporters.JUnitReportReporter -->
<testsuite skipped="0" hostname="DAWN" name="com.stringOperation.Test.RemoveJunkTest" tests="6" failures="0" timestamp="16 May 2019 18:59:33 GMT" time="0.042" errors="0">
  <testcase name="usigReplase" time="0.003" classname="com.stringOperation.Test.RemoveJunkTest"/>
  <testcase name="usigReplase" time="0.004" classname="com.stringOperation.Test.RemoveJunkTest"/>
  <testcase name="usigReplase" time="0.005" classname="com.stringOperation.Test.RemoveJunkTest"/>
  <testcase name="usingcharAT" time="0.024" classname="com.stringOperation.Test.RemoveJunkTest"/>
  <testcase name="usingcharAT" time="0.005" classname="com.stringOperation.Test.RemoveJunkTest"/>
  <testcase name="usingcharAT" time="0.001" classname="com.stringOperation.Test.RemoveJunkTest"/>
</testsuite> <!-- com.stringOperation.Test.RemoveJunkTest -->
