<?xml version="1.0" encoding="UTF-8"?>
<!-- Generated by org.testng.reporters.JUnitReportReporter -->
<testsuite skipped="0" hostname="DAWN" name="com.stringOperation.Test.sumOfNumberFromString" tests="2" failures="0" timestamp="02 Jun 2019 10:42:10 GMT" time="0.026" errors="0">
  <testcase name="test" time="0.003" classname="com.stringOperation.Test.sumOfNumberFromString"/>
  <testcase name="test" time="0.023" classname="com.stringOperation.Test.sumOfNumberFromString"/>
</testsuite> <!-- com.stringOperation.Test.sumOfNumberFromString -->
