<?xml version="1.0" encoding="UTF-8"?>
<!-- Generated by org.testng.reporters.JUnitReportReporter -->
<testsuite skipped="0" hostname="DAWN" name="com.stringOperation.Test.IndexOfAlphabetTest" tests="5" failures="0" timestamp="18 May 2019 13:23:13 GMT" time="0.050" errors="0">
  <testcase name="IndexTest" time="0.010" classname="com.stringOperation.Test.IndexOfAlphabetTest"/>
  <testcase name="IndexTest" time="0.006" classname="com.stringOperation.Test.IndexOfAlphabetTest"/>
  <testcase name="IndexTest" time="0.020" classname="com.stringOperation.Test.IndexOfAlphabetTest"/>
  <testcase name="IndexTest" time="0.009" classname="com.stringOperation.Test.IndexOfAlphabetTest"/>
  <testcase name="IndexTest" time="0.005" classname="com.stringOperation.Test.IndexOfAlphabetTest"/>
</testsuite> <!-- com.stringOperation.Test.IndexOfAlphabetTest -->
