<?xml version="1.0" encoding="UTF-8"?>
<!-- Generated by org.testng.reporters.JUnitReportReporter -->
<testsuite skipped="0" hostname="DAWN" name="com.stringOperation.Test.DuplcateCharTest" tests="4" failures="0" timestamp="16 May 2019 18:59:33 GMT" time="0.019" errors="0">
  <testcase name="HashMethodDuplicate" time="0.002" classname="com.stringOperation.Test.DuplcateCharTest"/>
  <testcase name="HashMethodDuplicate" time="0.005" classname="com.stringOperation.Test.DuplcateCharTest"/>
  <testcase name="checkDuplicate" time="0.002" classname="com.stringOperation.Test.DuplcateCharTest"/>
  <testcase name="checkDuplicate" time="0.010" classname="com.stringOperation.Test.DuplcateCharTest"/>
</testsuite> <!-- com.stringOperation.Test.DuplcateCharTest -->
