<?xml version="1.0" encoding="UTF-8"?>
<!-- Generated by org.testng.reporters.JUnitReportReporter -->
<testsuite skipped="0" hostname="DAWN" name="com.stringOperation.Test.NewTest" tests="3" failures="0" timestamp="05 May 2019 19:04:47 GMT" time="0.152" errors="0">
  <testcase name="f" time="0.062" classname="com.stringOperation.Test.NewTest"/>
  <testcase name="f" time="0.067" classname="com.stringOperation.Test.NewTest"/>
  <testcase name="f" time="0.023" classname="com.stringOperation.Test.NewTest"/>
</testsuite> <!-- com.stringOperation.Test.NewTest -->
