<?xml version="1.0" encoding="UTF-8"?>
<!-- Generated by org.testng.reporters.JUnitReportReporter -->
<testsuite skipped="0" hostname="DAWN" name="com.stringOperation.Test.printDuplicateCountTest" tests="2" failures="0" timestamp="16 May 2019 18:59:33 GMT" time="0.020" errors="0">
  <testcase name="TestDuplicate" time="0.003" classname="com.stringOperation.Test.printDuplicateCountTest"/>
  <testcase name="TestDuplicate" time="0.017" classname="com.stringOperation.Test.printDuplicateCountTest"/>
</testsuite> <!-- com.stringOperation.Test.printDuplicateCountTest -->
