<?xml version="1.0" encoding="UTF-8"?>
<!-- Generated by org.testng.reporters.JUnitReportReporter -->
<testsuite skipped="0" hostname="DAWN" name="com.stringOperation.Test.RemoveJunkTest" tests="6" failures="0" timestamp="02 Jun 2019 10:42:10 GMT" time="0.052" errors="0">
  <testcase name="usingcharAT" time="0.009" classname="com.stringOperation.Test.RemoveJunkTest"/>
  <testcase name="usingcharAT" time="0.007" classname="com.stringOperation.Test.RemoveJunkTest"/>
  <testcase name="usigReplase" time="0.006" classname="com.stringOperation.Test.RemoveJunkTest"/>
  <testcase name="usingcharAT" time="0.004" classname="com.stringOperation.Test.RemoveJunkTest"/>
  <testcase name="usigReplase" time="0.012" classname="com.stringOperation.Test.RemoveJunkTest"/>
  <testcase name="usigReplase" time="0.014" classname="com.stringOperation.Test.RemoveJunkTest"/>
</testsuite> <!-- com.stringOperation.Test.RemoveJunkTest -->
