<?xml version="1.0" encoding="UTF-8"?>
<!-- Generated by org.testng.reporters.JUnitReportReporter -->
<testsuite skipped="0" hostname="DAWN" name="com.stringOperation.Test.NewTest" tests="3" failures="0" timestamp="18 May 2019 13:23:13 GMT" time="0.037" errors="0">
  <testcase name="f" time="0.008" classname="com.stringOperation.Test.NewTest"/>
  <testcase name="f" time="0.018" classname="com.stringOperation.Test.NewTest"/>
  <testcase name="f" time="0.011" classname="com.stringOperation.Test.NewTest"/>
</testsuite> <!-- com.stringOperation.Test.NewTest -->
