<?xml version="1.0" encoding="UTF-8"?>
<!-- Generated by org.testng.reporters.JUnitReportReporter -->
<testsuite skipped="0" hostname="DAWN" name="com.NumberOperationTest.PrimeNumberTest" tests="6" failures="0" timestamp="02 Jun 2019 10:42:10 GMT" time="0.028" errors="0">
  <testcase name="PrimeTest" time="0.004" classname="com.NumberOperationTest.PrimeNumberTest"/>
  <testcase name="PrimeTest" time="0.003" classname="com.NumberOperationTest.PrimeNumberTest"/>
  <testcase name="PrimeTest" time="0.002" classname="com.NumberOperationTest.PrimeNumberTest"/>
  <testcase name="PrimeTest" time="0.013" classname="com.NumberOperationTest.PrimeNumberTest"/>
  <testcase name="PrimeTest" time="0.002" classname="com.NumberOperationTest.PrimeNumberTest"/>
  <testcase name="PrimeTest" time="0.004" classname="com.NumberOperationTest.PrimeNumberTest"/>
</testsuite> <!-- com.NumberOperationTest.PrimeNumberTest -->
