<?xml version="1.0" encoding="UTF-8"?>
<!-- Generated by org.testng.reporters.JUnitReportReporter -->
<testsuite skipped="0" hostname="DAWN" name="com.stringOperation.Test.RemoveJunkTest" tests="6" failures="0" timestamp="09 Mar 2019 08:18:48 GMT" time="0.188" errors="0">
  <testcase name="usingcharAT" time="0.104" classname="com.stringOperation.Test.RemoveJunkTest"/>
  <testcase name="usingcharAT" time="0.004" classname="com.stringOperation.Test.RemoveJunkTest"/>
  <testcase name="usigReplase" time="0.032" classname="com.stringOperation.Test.RemoveJunkTest"/>
  <testcase name="usigReplase" time="0.012" classname="com.stringOperation.Test.RemoveJunkTest"/>
  <testcase name="usigReplase" time="0.032" classname="com.stringOperation.Test.RemoveJunkTest"/>
  <testcase name="usingcharAT" time="0.004" classname="com.stringOperation.Test.RemoveJunkTest"/>
</testsuite> <!-- com.stringOperation.Test.RemoveJunkTest -->
