<?xml version="1.0" encoding="UTF-8"?>
<!-- Generated by org.testng.reporters.JUnitReportReporter -->
<testsuite skipped="0" hostname="DAWN" name="com.stringOperation.Test.EqualsTest" tests="6" failures="0" timestamp="18 May 2019 13:23:13 GMT" time="0.079" errors="0">
  <testcase name="equalsOperatorTest" time="0.042" classname="com.stringOperation.Test.EqualsTest"/>
  <testcase name="equalsMethodTest" time="0.006" classname="com.stringOperation.Test.EqualsTest"/>
  <testcase name="equalsOperatorTest" time="0.012" classname="com.stringOperation.Test.EqualsTest"/>
  <testcase name="equalsOperatorTest" time="0.006" classname="com.stringOperation.Test.EqualsTest"/>
  <testcase name="equalsMethodTest" time="0.008" classname="com.stringOperation.Test.EqualsTest"/>
  <testcase name="equalsMethodTest" time="0.005" classname="com.stringOperation.Test.EqualsTest"/>
</testsuite> <!-- com.stringOperation.Test.EqualsTest -->
