<?xml version="1.0" encoding="UTF-8"?>
<!-- Generated by org.testng.reporters.JUnitReportReporter -->
<testsuite skipped="0" hostname="DAWN" name="com.stringOperation.Test.NewTest" tests="3" failures="0" timestamp="27 Feb 2019 18:40:51 GMT" time="0.095" errors="0">
  <testcase name="f" time="0.042" classname="com.stringOperation.Test.NewTest"/>
  <testcase name="f" time="0.012" classname="com.stringOperation.Test.NewTest"/>
  <testcase name="f" time="0.041" classname="com.stringOperation.Test.NewTest"/>
</testsuite> <!-- com.stringOperation.Test.NewTest -->
