<?xml version="1.0" encoding="UTF-8"?>
<!-- Generated by org.testng.reporters.JUnitReportReporter -->
<testsuite skipped="0" hostname="DAWN" name="com.stringOperation.Test.NewTest" tests="3" failures="0" timestamp="16 May 2019 17:14:30 GMT" time="0.035" errors="0">
  <testcase name="f" time="0.010" classname="com.stringOperation.Test.NewTest"/>
  <testcase name="f" time="0.007" classname="com.stringOperation.Test.NewTest"/>
  <testcase name="f" time="0.018" classname="com.stringOperation.Test.NewTest"/>
</testsuite> <!-- com.stringOperation.Test.NewTest -->
