<?xml version="1.0" encoding="UTF-8"?>
<!-- Generated by org.testng.reporters.JUnitReportReporter -->
<testsuite skipped="0" hostname="DAWN" name="com.stringOperation.Test.DuplcateCharTest" tests="4" failures="0" timestamp="09 Mar 2019 08:18:48 GMT" time="0.144" errors="0">
  <testcase name="checkDuplicate" time="0.016" classname="com.stringOperation.Test.DuplcateCharTest"/>
  <testcase name="HashMethodDuplicate" time="0.028" classname="com.stringOperation.Test.DuplcateCharTest"/>
  <testcase name="HashMethodDuplicate" time="0.068" classname="com.stringOperation.Test.DuplcateCharTest"/>
  <testcase name="checkDuplicate" time="0.032" classname="com.stringOperation.Test.DuplcateCharTest"/>
</testsuite> <!-- com.stringOperation.Test.DuplcateCharTest -->
