<?xml version="1.0" encoding="UTF-8"?>
<!-- Generated by org.testng.reporters.JUnitReportReporter -->
<testsuite skipped="0" hostname="DAWN" name="com.stringOperation.Test.EqualsTest" tests="6" failures="0" timestamp="16 May 2019 17:14:30 GMT" time="0.107" errors="0">
  <testcase name="equalsOperatorTest" time="0.011" classname="com.stringOperation.Test.EqualsTest"/>
  <testcase name="equalsOperatorTest" time="0.014" classname="com.stringOperation.Test.EqualsTest"/>
  <testcase name="equalsOperatorTest" time="0.015" classname="com.stringOperation.Test.EqualsTest"/>
  <testcase name="equalsMethodTest" time="0.009" classname="com.stringOperation.Test.EqualsTest"/>
  <testcase name="equalsMethodTest" time="0.011" classname="com.stringOperation.Test.EqualsTest"/>
  <testcase name="equalsMethodTest" time="0.047" classname="com.stringOperation.Test.EqualsTest"/>
</testsuite> <!-- com.stringOperation.Test.EqualsTest -->
