<?xml version="1.0" encoding="UTF-8"?>
<!-- Generated by org.testng.reporters.JUnitReportReporter -->
<testsuite skipped="0" hostname="DAWN" name="com.stringOperation.Test.DuplcateCharTest" tests="4" failures="0" timestamp="02 Jun 2019 10:42:10 GMT" time="0.031" errors="0">
  <testcase name="HashMethodDuplicate" time="0.009" classname="com.stringOperation.Test.DuplcateCharTest"/>
  <testcase name="HashMethodDuplicate" time="0.005" classname="com.stringOperation.Test.DuplcateCharTest"/>
  <testcase name="checkDuplicate" time="0.006" classname="com.stringOperation.Test.DuplcateCharTest"/>
  <testcase name="checkDuplicate" time="0.011" classname="com.stringOperation.Test.DuplcateCharTest"/>
</testsuite> <!-- com.stringOperation.Test.DuplcateCharTest -->
