<?xml version="1.0" encoding="UTF-8"?>
<!-- Generated by org.testng.reporters.JUnitReportReporter -->
<testsuite skipped="0" hostname="DAWN" name="com.stringOperation.Test.sumOfNumberFromString" tests="2" failures="0" timestamp="05 May 2019 19:04:47 GMT" time="0.134" errors="0">
  <testcase name="test" time="0.066" classname="com.stringOperation.Test.sumOfNumberFromString"/>
  <testcase name="test" time="0.068" classname="com.stringOperation.Test.sumOfNumberFromString"/>
</testsuite> <!-- com.stringOperation.Test.sumOfNumberFromString -->
