<?xml version="1.0" encoding="UTF-8"?>
<!-- Generated by org.testng.reporters.JUnitReportReporter -->
<testsuite skipped="0" hostname="DAWN" name="com.stringOperation.Test.RemoveJunkTest" tests="6" failures="0" timestamp="18 May 2019 13:23:13 GMT" time="0.054" errors="0">
  <testcase name="usigReplase" time="0.011" classname="com.stringOperation.Test.RemoveJunkTest"/>
  <testcase name="usingcharAT" time="0.008" classname="com.stringOperation.Test.RemoveJunkTest"/>
  <testcase name="usingcharAT" time="0.005" classname="com.stringOperation.Test.RemoveJunkTest"/>
  <testcase name="usigReplase" time="0.011" classname="com.stringOperation.Test.RemoveJunkTest"/>
  <testcase name="usigReplase" time="0.007" classname="com.stringOperation.Test.RemoveJunkTest"/>
  <testcase name="usingcharAT" time="0.012" classname="com.stringOperation.Test.RemoveJunkTest"/>
</testsuite> <!-- com.stringOperation.Test.RemoveJunkTest -->
