<?xml version="1.0" encoding="UTF-8"?>
<!-- Generated by org.testng.reporters.JUnitReportReporter -->
<testsuite skipped="0" hostname="DAWN" name="com.stringOperation.Test.NewTest" tests="3" failures="0" timestamp="09 Mar 2019 08:18:48 GMT" time="0.132" errors="0">
  <testcase name="f" time="0.052" classname="com.stringOperation.Test.NewTest"/>
  <testcase name="f" time="0.036" classname="com.stringOperation.Test.NewTest"/>
  <testcase name="f" time="0.044" classname="com.stringOperation.Test.NewTest"/>
</testsuite> <!-- com.stringOperation.Test.NewTest -->
