<?xml version="1.0" encoding="UTF-8"?>
<!-- Generated by org.testng.reporters.JUnitReportReporter -->
<testsuite skipped="0" hostname="DAWN" name="com.NumberOperationTest.ReverseIntegerTest" tests="2" failures="0" timestamp="14 Mar 2019 03:55:03 GMT" time="0.015" errors="0">
  <testcase name="ReverseTest" time="0.000" classname="com.NumberOperationTest.ReverseIntegerTest"/>
  <testcase name="ReverseTest" time="0.015" classname="com.NumberOperationTest.ReverseIntegerTest"/>
</testsuite> <!-- com.NumberOperationTest.ReverseIntegerTest -->
