<?xml version="1.0" encoding="UTF-8"?>
<!-- Generated by org.testng.reporters.JUnitReportReporter -->
<testsuite skipped="0" hostname="DAWN" name="com.stringOperation.Test.abc" tests="1" failures="0" timestamp="23 Apr 2019 08:51:07 GMT" time="0.042" errors="1">
  <testcase name="a" time="0.042" classname="com.stringOperation.Test.abc">
    <error type="java.lang.ClassCastException" message="[I cannot be cast to [Ljava.lang.Object;">
      <![CDATA[java.lang.ClassCastException: [I cannot be cast to [Ljava.lang.Object;
at org.testng.internal.reflect.MethodMatcherException.stringify(MethodMatcherException.java:87)
at org.testng.internal.reflect.MethodMatcherException.generateMessage(MethodMatcherException.java:70)
at org.testng.internal.reflect.MethodMatcherException.generateMessage(MethodMatcherException.java:49)
at org.testng.internal.reflect.MethodMatcherException.<init>(MethodMatcherException.java:17)
at org.testng.internal.reflect.DataProviderMethodMatcher.getConformingArguments(DataProviderMethodMatcher.java:45)
at org.testng.internal.Parameters.injectParameters(Parameters.java:796)
at org.testng.internal.Invoker.invokeTestMethods(Invoker.java:983)
at org.testng.internal.TestMethodWorker.invokeTestMethods(TestMethodWorker.java:125)
at org.testng.internal.TestMethodWorker.run(TestMethodWorker.java:109)
at org.testng.TestRunner.privateRun(TestRunner.java:648)
at org.testng.TestRunner.run(TestRunner.java:505)
at org.testng.SuiteRunner.runTest(SuiteRunner.java:455)
at org.testng.SuiteRunner.runSequentially(SuiteRunner.java:450)
at org.testng.SuiteRunner.privateRun(SuiteRunner.java:415)
at org.testng.SuiteRunner.run(SuiteRunner.java:364)
at org.testng.SuiteRunnerWorker.runSuite(SuiteRunnerWorker.java:52)
at org.testng.SuiteRunnerWorker.run(SuiteRunnerWorker.java:84)
at org.testng.TestNG.runSuitesSequentially(TestNG.java:1208)
at org.testng.TestNG.runSuitesLocally(TestNG.java:1137)
at org.testng.TestNG.runSuites(TestNG.java:1049)
at org.testng.TestNG.run(TestNG.java:1017)
at org.testng.remote.AbstractRemoteTestNG.run(AbstractRemoteTestNG.java:115)
at org.testng.remote.RemoteTestNG.initAndRun(RemoteTestNG.java:251)
at org.testng.remote.RemoteTestNG.main(RemoteTestNG.java:77)
]]>
    </error>
  </testcase> <!-- a -->
</testsuite> <!-- com.stringOperation.Test.abc -->
