<?xml version="1.0" encoding="UTF-8"?>
<!-- Generated by org.testng.reporters.JUnitReportReporter -->
<testsuite skipped="0" hostname="DAWN" name="com.NumberOperationTest.ReverseIntegerTest" tests="2" failures="0" timestamp="03 Mar 2019 08:05:49 GMT" time="0.020" errors="0">
  <testcase name="ReverseTest" time="0.008" classname="com.NumberOperationTest.ReverseIntegerTest"/>
  <testcase name="ReverseTest" time="0.012" classname="com.NumberOperationTest.ReverseIntegerTest"/>
</testsuite> <!-- com.NumberOperationTest.ReverseIntegerTest -->
