<?xml version="1.0" encoding="UTF-8"?>
<!-- Generated by org.testng.reporters.JUnitReportReporter -->
<testsuite skipped="0" hostname="DAWN" name="com.stringOperation.Test.EqualsTest" tests="6" failures="0" timestamp="14 Mar 2019 03:55:03 GMT" time="0.110" errors="0">
  <testcase name="equalsMethodTest" time="0.000" classname="com.stringOperation.Test.EqualsTest"/>
  <testcase name="equalsOperatorTest" time="0.047" classname="com.stringOperation.Test.EqualsTest"/>
  <testcase name="equalsMethodTest" time="0.016" classname="com.stringOperation.Test.EqualsTest"/>
  <testcase name="equalsOperatorTest" time="0.016" classname="com.stringOperation.Test.EqualsTest"/>
  <testcase name="equalsOperatorTest" time="0.016" classname="com.stringOperation.Test.EqualsTest"/>
  <testcase name="equalsMethodTest" time="0.015" classname="com.stringOperation.Test.EqualsTest"/>
</testsuite> <!-- com.stringOperation.Test.EqualsTest -->
