<?xml version="1.0" encoding="UTF-8"?>
<!-- Generated by org.testng.reporters.JUnitReportReporter -->
<testsuite skipped="0" hostname="DAWN" name="com.stringOperation.Test.sumOfNumberFromString" tests="2" failures="0" timestamp="16 May 2019 18:59:33 GMT" time="0.045" errors="0">
  <testcase name="test" time="0.040" classname="com.stringOperation.Test.sumOfNumberFromString"/>
  <testcase name="test" time="0.005" classname="com.stringOperation.Test.sumOfNumberFromString"/>
</testsuite> <!-- com.stringOperation.Test.sumOfNumberFromString -->
