<?xml version="1.0" encoding="UTF-8"?>
<!-- Generated by org.testng.reporters.JUnitReportReporter -->
<testsuite skipped="0" hostname="DAWN" name="com.NumberOperationTest.FibonaciTest" tests="4" failures="0" timestamp="17 May 2019 18:04:32 GMT" time="0.062" errors="0">
  <testcase name="res" time="0.006" classname="com.NumberOperationTest.FibonaciTest"/>
  <testcase name="res" time="0.014" classname="com.NumberOperationTest.FibonaciTest"/>
  <testcase name="res" time="0.013" classname="com.NumberOperationTest.FibonaciTest"/>
  <testcase name="res" time="0.029" classname="com.NumberOperationTest.FibonaciTest"/>
</testsuite> <!-- com.NumberOperationTest.FibonaciTest -->
