<?xml version="1.0" encoding="UTF-8"?>
<!-- Generated by org.testng.reporters.JUnitReportReporter -->
<testsuite skipped="0" hostname="DAWN" name="com.stringOperation.Test.IndexOfAlphabetTest" tests="5" failures="0" timestamp="02 Jun 2019 10:42:10 GMT" time="0.095" errors="0">
  <testcase name="IndexTest" time="0.008" classname="com.stringOperation.Test.IndexOfAlphabetTest"/>
  <testcase name="IndexTest" time="0.006" classname="com.stringOperation.Test.IndexOfAlphabetTest"/>
  <testcase name="IndexTest" time="0.016" classname="com.stringOperation.Test.IndexOfAlphabetTest"/>
  <testcase name="IndexTest" time="0.059" classname="com.stringOperation.Test.IndexOfAlphabetTest"/>
  <testcase name="IndexTest" time="0.006" classname="com.stringOperation.Test.IndexOfAlphabetTest"/>
</testsuite> <!-- com.stringOperation.Test.IndexOfAlphabetTest -->
