<?xml version="1.0" encoding="UTF-8"?>
<!-- Generated by org.testng.reporters.JUnitReportReporter -->
<testsuite skipped="0" hostname="DAWN" name="com.stringOperation.Test.ReverseStringTest" tests="10" failures="0" timestamp="09 Mar 2019 08:18:48 GMT" time="0.099" errors="0">
  <testcase name="ReverseStringbuilderTest" time="0.012" classname="com.stringOperation.Test.ReverseStringTest"/>
  <testcase name="ReverseStringbuilderTest" time="0.012" classname="com.stringOperation.Test.ReverseStringTest"/>
  <testcase name="ReversestringTest" time="0.008" classname="com.stringOperation.Test.ReverseStringTest"/>
  <testcase name="ReversestringTest" time="0.012" classname="com.stringOperation.Test.ReverseStringTest"/>
  <testcase name="ReverseStringbuilderTest" time="0.004" classname="com.stringOperation.Test.ReverseStringTest"/>
  <testcase name="ReversestringTest" time="0.004" classname="com.stringOperation.Test.ReverseStringTest"/>
  <testcase name="ReversestringTest" time="0.008" classname="com.stringOperation.Test.ReverseStringTest"/>
  <testcase name="ReverseStringbuilderTest" time="0.024" classname="com.stringOperation.Test.ReverseStringTest"/>
  <testcase name="ReversestringTest" time="0.008" classname="com.stringOperation.Test.ReverseStringTest"/>
  <testcase name="ReverseStringbuilderTest" time="0.007" classname="com.stringOperation.Test.ReverseStringTest"/>
</testsuite> <!-- com.stringOperation.Test.ReverseStringTest -->
