<?xml version="1.0" encoding="UTF-8"?>
<!-- Generated by org.testng.reporters.JUnitReportReporter -->
<testsuite skipped="0" hostname="DAWN" name="com.NumberOperationTest.FibonaciTest" tests="4" failures="0" timestamp="02 Jun 2019 10:42:10 GMT" time="0.041" errors="0">
  <testcase name="res" time="0.008" classname="com.NumberOperationTest.FibonaciTest"/>
  <testcase name="res" time="0.010" classname="com.NumberOperationTest.FibonaciTest"/>
  <testcase name="res" time="0.018" classname="com.NumberOperationTest.FibonaciTest"/>
  <testcase name="res" time="0.005" classname="com.NumberOperationTest.FibonaciTest"/>
</testsuite> <!-- com.NumberOperationTest.FibonaciTest -->
