<?xml version="1.0" encoding="UTF-8"?>
<!-- Generated by org.testng.reporters.JUnitReportReporter -->
<testsuite skipped="0" hostname="DAWN" name="com.stringOperation.Test.EqualsTest" tests="6" failures="0" timestamp="05 May 2019 19:04:47 GMT" time="0.182" errors="0">
  <testcase name="equalsOperatorTest" time="0.005" classname="com.stringOperation.Test.EqualsTest"/>
  <testcase name="equalsMethodTest" time="0.014" classname="com.stringOperation.Test.EqualsTest"/>
  <testcase name="equalsOperatorTest" time="0.050" classname="com.stringOperation.Test.EqualsTest"/>
  <testcase name="equalsOperatorTest" time="0.028" classname="com.stringOperation.Test.EqualsTest"/>
  <testcase name="equalsMethodTest" time="0.062" classname="com.stringOperation.Test.EqualsTest"/>
  <testcase name="equalsMethodTest" time="0.023" classname="com.stringOperation.Test.EqualsTest"/>
</testsuite> <!-- com.stringOperation.Test.EqualsTest -->
