<?xml version="1.0" encoding="UTF-8"?>
<!-- Generated by org.testng.reporters.JUnitReportReporter -->
<testsuite skipped="0" hostname="DAWN" name="com.stringOperation.Test.NewTest" tests="3" failures="0" timestamp="02 Jun 2019 10:42:10 GMT" time="0.045" errors="0">
  <testcase name="f" time="0.011" classname="com.stringOperation.Test.NewTest"/>
  <testcase name="f" time="0.007" classname="com.stringOperation.Test.NewTest"/>
  <testcase name="f" time="0.027" classname="com.stringOperation.Test.NewTest"/>
</testsuite> <!-- com.stringOperation.Test.NewTest -->
