<?xml version="1.0" encoding="UTF-8"?>
<!-- Generated by org.testng.reporters.JUnitReportReporter -->
<testsuite skipped="0" hostname="DAWN" name="com.stringOperation.Test.IndexOfAlphabetTest" tests="5" failures="0" timestamp="16 May 2019 18:59:33 GMT" time="0.058" errors="0">
  <testcase name="IndexTest" time="0.007" classname="com.stringOperation.Test.IndexOfAlphabetTest"/>
  <testcase name="IndexTest" time="0.007" classname="com.stringOperation.Test.IndexOfAlphabetTest"/>
  <testcase name="IndexTest" time="0.026" classname="com.stringOperation.Test.IndexOfAlphabetTest"/>
  <testcase name="IndexTest" time="0.013" classname="com.stringOperation.Test.IndexOfAlphabetTest"/>
  <testcase name="IndexTest" time="0.005" classname="com.stringOperation.Test.IndexOfAlphabetTest"/>
</testsuite> <!-- com.stringOperation.Test.IndexOfAlphabetTest -->
