<?xml version="1.0" encoding="UTF-8"?>
<!-- Generated by org.testng.reporters.JUnitReportReporter -->
<testsuite skipped="0" hostname="DAWN" name="com.NumberOperationTest.ReverseIntegerTest" tests="2" failures="0" timestamp="05 May 2019 19:04:47 GMT" time="0.018" errors="0">
  <testcase name="ReverseTest" time="0.008" classname="com.NumberOperationTest.ReverseIntegerTest"/>
  <testcase name="ReverseTest" time="0.010" classname="com.NumberOperationTest.ReverseIntegerTest"/>
</testsuite> <!-- com.NumberOperationTest.ReverseIntegerTest -->
