<?xml version="1.0" encoding="UTF-8"?>
<!-- Generated by org.testng.reporters.JUnitReportReporter -->
<testsuite skipped="0" hostname="DAWN" name="com.NumberOperationTest.DivisorOfNumberTest" tests="3" failures="0" timestamp="18 May 2019 13:23:13 GMT" time="0.013" errors="0">
  <testcase name="divisorTest" time="0.003" classname="com.NumberOperationTest.DivisorOfNumberTest"/>
  <testcase name="divisorTest" time="0.006" classname="com.NumberOperationTest.DivisorOfNumberTest"/>
  <testcase name="divisorTest" time="0.004" classname="com.NumberOperationTest.DivisorOfNumberTest"/>
</testsuite> <!-- com.NumberOperationTest.DivisorOfNumberTest -->
