<?xml version="1.0" encoding="UTF-8"?>
<!-- Generated by org.testng.reporters.JUnitReportReporter -->
<testsuite skipped="0" hostname="DAWN" name="com.stringOperation.Test.DuplcateCharTest" tests="4" failures="0" timestamp="14 Mar 2019 03:55:03 GMT" time="0.218" errors="0">
  <testcase name="HashMethodDuplicate" time="0.015" classname="com.stringOperation.Test.DuplcateCharTest"/>
  <testcase name="checkDuplicate" time="0.078" classname="com.stringOperation.Test.DuplcateCharTest"/>
  <testcase name="checkDuplicate" time="0.032" classname="com.stringOperation.Test.DuplcateCharTest"/>
  <testcase name="HashMethodDuplicate" time="0.093" classname="com.stringOperation.Test.DuplcateCharTest"/>
</testsuite> <!-- com.stringOperation.Test.DuplcateCharTest -->
