<?xml version="1.0" encoding="UTF-8"?>
<!-- Generated by org.testng.reporters.JUnitReportReporter -->
<testsuite skipped="0" hostname="DAWN" name="com.stringOperation.Test.EqualsTest" tests="6" failures="0" timestamp="16 May 2019 18:59:33 GMT" time="0.028" errors="0">
  <testcase name="equalsMethodTest" time="0.005" classname="com.stringOperation.Test.EqualsTest"/>
  <testcase name="equalsOperatorTest" time="0.003" classname="com.stringOperation.Test.EqualsTest"/>
  <testcase name="equalsOperatorTest" time="0.006" classname="com.stringOperation.Test.EqualsTest"/>
  <testcase name="equalsMethodTest" time="0.002" classname="com.stringOperation.Test.EqualsTest"/>
  <testcase name="equalsMethodTest" time="0.008" classname="com.stringOperation.Test.EqualsTest"/>
  <testcase name="equalsOperatorTest" time="0.004" classname="com.stringOperation.Test.EqualsTest"/>
</testsuite> <!-- com.stringOperation.Test.EqualsTest -->
