<?xml version="1.0" encoding="UTF-8"?>
<!-- Generated by org.testng.reporters.JUnitReportReporter -->
<testsuite skipped="0" hostname="DAWN" name="com.stringOperation.Test.printDuplicateCountTest" tests="2" failures="0" timestamp="02 Jun 2019 10:42:10 GMT" time="0.025" errors="0">
  <testcase name="TestDuplicate" time="0.009" classname="com.stringOperation.Test.printDuplicateCountTest"/>
  <testcase name="TestDuplicate" time="0.016" classname="com.stringOperation.Test.printDuplicateCountTest"/>
</testsuite> <!-- com.stringOperation.Test.printDuplicateCountTest -->
