<?xml version="1.0" encoding="UTF-8"?>
<!-- Generated by org.testng.reporters.JUnitReportReporter -->
<testsuite skipped="0" hostname="DAWN" name="com.NumberOperationTest.FibonaciTest" tests="4" failures="0" timestamp="18 May 2019 13:23:13 GMT" time="0.022" errors="0">
  <testcase name="res" time="0.003" classname="com.NumberOperationTest.FibonaciTest"/>
  <testcase name="res" time="0.003" classname="com.NumberOperationTest.FibonaciTest"/>
  <testcase name="res" time="0.004" classname="com.NumberOperationTest.FibonaciTest"/>
  <testcase name="res" time="0.012" classname="com.NumberOperationTest.FibonaciTest"/>
</testsuite> <!-- com.NumberOperationTest.FibonaciTest -->
