<?xml version="1.0" encoding="UTF-8"?>
<!-- Generated by org.testng.reporters.JUnitReportReporter -->
<testsuite skipped="0" hostname="DAWN" name="com.stringOperation.Test.NewTest" tests="3" failures="0" timestamp="03 Mar 2019 08:05:49 GMT" time="0.125" errors="0">
  <testcase name="f" time="0.054" classname="com.stringOperation.Test.NewTest"/>
  <testcase name="f" time="0.019" classname="com.stringOperation.Test.NewTest"/>
  <testcase name="f" time="0.052" classname="com.stringOperation.Test.NewTest"/>
</testsuite> <!-- com.stringOperation.Test.NewTest -->
